<?xml version="1.0" encoding="UTF-8"?>
<coverage generated="1623848089471" clover="3.2.0">
  <project timestamp="1623848089472" name="All files">
    <metrics statements="30" coveredstatements="20" conditionals="6" coveredconditionals="3" methods="14" coveredmethods="8" elements="50" coveredelements="31" complexity="0" loc="30" ncloc="30" packages="1" files="1" classes="1"/>
    <file name="index.js" path="C:\Users\User\Documents\projects\accenture_react_trainig\src\Todo\index.js">
      <metrics statements="30" coveredstatements="20" conditionals="6" coveredconditionals="3" methods="14" coveredmethods="8"/>
      <line num="4" count="2" type="stmt"/>
      <line num="6" count="2" type="stmt"/>
      <line num="11" count="2" type="stmt"/>
      <line num="12" count="1" type="stmt"/>
      <line num="14" count="1" type="stmt"/>
      <line num="16" count="1" type="stmt"/>
      <line num="28" count="1" type="stmt"/>
      <line num="33" count="2" type="stmt"/>
      <line num="34" count="0" type="stmt"/>
      <line num="35" count="0" type="stmt"/>
      <line num="36" count="0" type="stmt"/>
      <line num="41" count="0" type="stmt"/>
      <line num="46" count="2" type="stmt"/>
      <line num="47" count="1" type="stmt"/>
      <line num="48" count="1" type="stmt"/>
      <line num="49" count="1" type="stmt"/>
      <line num="50" count="1" type="stmt"/>
      <line num="56" count="4" type="stmt"/>
      <line num="58" count="4" type="stmt"/>
      <line num="73" count="1" type="cond" truecount="1" falsecount="1"/>
      <line num="74" count="0" type="stmt"/>
      <line num="76" count="1" type="cond" truecount="1" falsecount="1"/>
      <line num="77" count="0" type="stmt"/>
      <line num="79" count="1" type="stmt"/>
      <line num="82" count="1" type="stmt"/>
      <line num="86" count="0" type="stmt"/>
      <line num="98" count="1" type="stmt"/>
      <line num="109" count="0" type="stmt"/>
      <line num="117" count="0" type="stmt"/>
      <line num="125" count="0" type="stmt"/>
    </file>
  </project>
</coverage>
