{"C:\\Users\\User\\Documents\\projects\\accenture_react_trainig\\src\\Todo\\index.js": {"path":"C:\\Users\\User\\Documents\\projects\\accenture_react_trainig\\src\\Todo\\index.js","statementMap":{"0":{"start":{"line":4,"column":17},"end":{"line":4,"column":28}},"1":{"start":{"line":6,"column":10},"end":{"line":9,"column":3}},"2":{"start":{"line":11,"column":12},"end":{"line":31,"column":3}},"3":{"start":{"line":12,"column":4},"end":{"line":12,"column":27}},"4":{"start":{"line":14,"column":25},"end":{"line":14,"column":35}},"5":{"start":{"line":16,"column":4},"end":{"line":30,"column":6}},"6":{"start":{"line":28,"column":8},"end":{"line":28,"column":45}},"7":{"start":{"line":33,"column":17},"end":{"line":44,"column":3}},"8":{"start":{"line":34,"column":25},"end":{"line":34,"column":35}},"9":{"start":{"line":35,"column":18},"end":{"line":35,"column":61}},"10":{"start":{"line":35,"column":44},"end":{"line":35,"column":60}},"11":{"start":{"line":36,"column":20},"end":{"line":40,"column":5}},"12":{"start":{"line":41,"column":4},"end":{"line":43,"column":7}},"13":{"start":{"line":46,"column":15},"end":{"line":53,"column":3}},"14":{"start":{"line":47,"column":25},"end":{"line":47,"column":35}},"15":{"start":{"line":48,"column":18},"end":{"line":48,"column":61}},"16":{"start":{"line":48,"column":44},"end":{"line":48,"column":60}},"17":{"start":{"line":49,"column":20},"end":{"line":49,"column":79}},"18":{"start":{"line":50,"column":4},"end":{"line":52,"column":7}},"19":{"start":{"line":56,"column":37},"end":{"line":56,"column":47}},"20":{"start":{"line":58,"column":4},"end":{"line":132,"column":6}},"21":{"start":{"line":73,"column":14},"end":{"line":75,"column":15}},"22":{"start":{"line":74,"column":16},"end":{"line":74,"column":45}},"23":{"start":{"line":76,"column":14},"end":{"line":78,"column":15}},"24":{"start":{"line":77,"column":16},"end":{"line":77,"column":44}},"25":{"start":{"line":79,"column":14},"end":{"line":79,"column":26}},"26":{"start":{"line":82,"column":14},"end":{"line":102,"column":20}},"27":{"start":{"line":86,"column":34},"end":{"line":86,"column":57}},"28":{"start":{"line":98,"column":33},"end":{"line":98,"column":54}},"29":{"start":{"line":109,"column":14},"end":{"line":109,"column":51}},"30":{"start":{"line":117,"column":14},"end":{"line":117,"column":55}},"31":{"start":{"line":125,"column":14},"end":{"line":125,"column":57}}},"fnMap":{"0":{"name":"(anonymous_0)","decl":{"start":{"line":11,"column":12},"end":{"line":11,"column":13}},"loc":{"start":{"line":11,"column":23},"end":{"line":31,"column":3}},"line":11},"1":{"name":"(anonymous_1)","decl":{"start":{"line":27,"column":6},"end":{"line":27,"column":7}},"loc":{"start":{"line":27,"column":12},"end":{"line":29,"column":7}},"line":27},"2":{"name":"(anonymous_2)","decl":{"start":{"line":33,"column":17},"end":{"line":33,"column":18}},"loc":{"start":{"line":33,"column":27},"end":{"line":44,"column":3}},"line":33},"3":{"name":"(anonymous_3)","decl":{"start":{"line":35,"column":37},"end":{"line":35,"column":38}},"loc":{"start":{"line":35,"column":44},"end":{"line":35,"column":60}},"line":35},"4":{"name":"(anonymous_4)","decl":{"start":{"line":46,"column":15},"end":{"line":46,"column":16}},"loc":{"start":{"line":46,"column":25},"end":{"line":53,"column":3}},"line":46},"5":{"name":"(anonymous_5)","decl":{"start":{"line":48,"column":37},"end":{"line":48,"column":38}},"loc":{"start":{"line":48,"column":44},"end":{"line":48,"column":60}},"line":48},"6":{"name":"(anonymous_6)","decl":{"start":{"line":55,"column":2},"end":{"line":55,"column":3}},"loc":{"start":{"line":55,"column":11},"end":{"line":133,"column":3}},"line":55},"7":{"name":"(anonymous_7)","decl":{"start":{"line":72,"column":20},"end":{"line":72,"column":21}},"loc":{"start":{"line":72,"column":30},"end":{"line":80,"column":13}},"line":72},"8":{"name":"(anonymous_8)","decl":{"start":{"line":81,"column":17},"end":{"line":81,"column":18}},"loc":{"start":{"line":82,"column":14},"end":{"line":102,"column":20}},"line":82},"9":{"name":"(anonymous_9)","decl":{"start":{"line":86,"column":28},"end":{"line":86,"column":29}},"loc":{"start":{"line":86,"column":34},"end":{"line":86,"column":57}},"line":86},"10":{"name":"(anonymous_10)","decl":{"start":{"line":98,"column":27},"end":{"line":98,"column":28}},"loc":{"start":{"line":98,"column":33},"end":{"line":98,"column":54}},"line":98},"11":{"name":"(anonymous_11)","decl":{"start":{"line":108,"column":21},"end":{"line":108,"column":22}},"loc":{"start":{"line":108,"column":27},"end":{"line":110,"column":13}},"line":108},"12":{"name":"(anonymous_12)","decl":{"start":{"line":116,"column":21},"end":{"line":116,"column":22}},"loc":{"start":{"line":116,"column":27},"end":{"line":118,"column":13}},"line":116},"13":{"name":"(anonymous_13)","decl":{"start":{"line":124,"column":21},"end":{"line":124,"column":22}},"loc":{"start":{"line":124,"column":27},"end":{"line":126,"column":13}},"line":124}},"branchMap":{"0":{"loc":{"start":{"line":73,"column":14},"end":{"line":75,"column":15}},"type":"if","locations":[{"start":{"line":73,"column":14},"end":{"line":75,"column":15}},{"start":{"line":73,"column":14},"end":{"line":75,"column":15}}],"line":73},"1":{"loc":{"start":{"line":76,"column":14},"end":{"line":78,"column":15}},"type":"if","locations":[{"start":{"line":76,"column":14},"end":{"line":78,"column":15}},{"start":{"line":76,"column":14},"end":{"line":78,"column":15}}],"line":76},"2":{"loc":{"start":{"line":90,"column":36},"end":{"line":90,"column":73}},"type":"cond-expr","locations":[{"start":{"line":90,"column":50},"end":{"line":90,"column":64}},{"start":{"line":90,"column":67},"end":{"line":90,"column":73}}],"line":90}},"s":{"0":2,"1":2,"2":2,"3":1,"4":1,"5":1,"6":1,"7":2,"8":0,"9":0,"10":0,"11":0,"12":0,"13":2,"14":1,"15":1,"16":1,"17":1,"18":1,"19":4,"20":4,"21":1,"22":0,"23":1,"24":0,"25":1,"26":1,"27":0,"28":1,"29":0,"30":0,"31":0},"f":{"0":1,"1":1,"2":0,"3":0,"4":1,"5":1,"6":4,"7":1,"8":1,"9":0,"10":1,"11":0,"12":0,"13":0},"b":{"0":[0,1],"1":[0,1],"2":[0,1]},"_coverageSchema":"1a1c01bbd47fc00a2c39e90264f33305004495a9","hash":"f3e8741f14d2ee14435e860a4eeac229951fcbfb"}
}
