TN:
SF:src\Todo\index.js
FN:11,(anonymous_0)
FN:27,(anonymous_1)
FN:33,(anonymous_2)
FN:35,(anonymous_3)
FN:46,(anonymous_4)
FN:48,(anonymous_5)
FN:55,(anonymous_6)
FN:72,(anonymous_7)
FN:81,(anonymous_8)
FN:86,(anonymous_9)
FN:98,(anonymous_10)
FN:108,(anonymous_11)
FN:116,(anonymous_12)
FN:124,(anonymous_13)
FNF:14
FNH:8
FNDA:1,(anonymous_0)
FNDA:1,(anonymous_1)
FNDA:0,(anonymous_2)
FNDA:0,(anonymous_3)
FNDA:1,(anonymous_4)
FNDA:1,(anonymous_5)
FNDA:4,(anonymous_6)
FNDA:1,(anonymous_7)
FNDA:1,(anonymous_8)
FNDA:0,(anonymous_9)
FNDA:1,(anonymous_10)
FNDA:0,(anonymous_11)
FNDA:0,(anonymous_12)
FNDA:0,(anonymous_13)
DA:4,2
DA:6,2
DA:11,2
DA:12,1
DA:14,1
DA:16,1
DA:28,1
DA:33,2
DA:34,0
DA:35,0
DA:36,0
DA:41,0
DA:46,2
DA:47,1
DA:48,1
DA:49,1
DA:50,1
DA:56,4
DA:58,4
DA:73,1
DA:74,0
DA:76,1
DA:77,0
DA:79,1
DA:82,1
DA:86,0
DA:98,1
DA:109,0
DA:117,0
DA:125,0
LF:30
LH:20
BRDA:73,0,0,0
BRDA:73,0,1,1
BRDA:76,1,0,0
BRDA:76,1,1,1
BRDA:90,2,0,0
BRDA:90,2,1,1
BRF:6
BRH:3
end_of_record
